{
  "RSpec": {
    "coverage": {
      "/Users/jacksonvaldez/Turing/2module/relational_rails/config/environment.rb": {
        "lines": [
          null,
          1,
          null,
          null,
          1
        ]
      },
      "/Users/jacksonvaldez/Turing/2module/relational_rails/config/application.rb": {
        "lines": [
          1,
          null,
          1,
          null,
          1,
          1,
          1,
          1,
          1,
          1,
          1,
          1,
          1,
          null,
          null,
          null,
          null,
          1,
          null,
          1,
          1,
          null,
          1,
          null,
          null,
          null,
          null,
          null,
          null,
          null,
          1,
          null,
          null
        ]
      },
      "/Users/jacksonvaldez/Turing/2module/relational_rails/config/boot.rb": {
        "lines": [
          1,
          null,
          1,
          1
        ]
      },
      "/Users/jacksonvaldez/Turing/2module/relational_rails/config/environments/test.rb": {
        "lines": [
          1,
          null,
          null,
          null,
          null,
          null,
          null,
          1,
          null,
          null,
          null,
          null,
          1,
          null,
          null,
          1,
          1,
          null,
          null,
          null,
          null,
          1,
          1,
          null,
          null,
          1,
          null,
          null,
          1,
          null,
          null,
          1,
          null,
          1,
          null,
          null,
          null,
          null,
          1,
          null,
          null,
          1,
          null,
          null,
          null,
          null
        ]
      },
      "/Users/jacksonvaldez/Turing/2module/relational_rails/config/initializers/application_controller_renderer.rb": {
        "lines": [
          null,
          null,
          null,
          null,
          null,
          null,
          null,
          null
        ]
      },
      "/Users/jacksonvaldez/Turing/2module/relational_rails/config/initializers/assets.rb": {
        "lines": [
          null,
          null,
          null,
          1,
          null,
          null,
          null,
          null,
          1,
          null,
          null,
          null,
          null,
          null
        ]
      },
      "/Users/jacksonvaldez/Turing/2module/relational_rails/config/initializers/backtrace_silencers.rb": {
        "lines": [
          null,
          null,
          null,
          null,
          null,
          null,
          null
        ]
      },
      "/Users/jacksonvaldez/Turing/2module/relational_rails/config/initializers/content_security_policy.rb": {
        "lines": [
          null,
          null,
          null,
          null,
          null,
          null,
          null,
          null,
          null,
          null,
          null,
          null,
          null,
          null,
          null,
          null,
          null,
          null,
          null,
          null,
          null,
          null,
          null,
          null,
          null
        ]
      },
      "/Users/jacksonvaldez/Turing/2module/relational_rails/config/initializers/cookies_serializer.rb": {
        "lines": [
          null,
          null,
          null,
          null,
          1
        ]
      },
      "/Users/jacksonvaldez/Turing/2module/relational_rails/config/initializers/filter_parameter_logging.rb": {
        "lines": [
          null,
          null,
          null,
          1
        ]
      },
      "/Users/jacksonvaldez/Turing/2module/relational_rails/config/initializers/inflections.rb": {
        "lines": [
          null,
          null,
          null,
          null,
          null,
          null,
          null,
          null,
          null,
          null,
          null,
          null,
          null,
          null,
          null,
          null
        ]
      },
      "/Users/jacksonvaldez/Turing/2module/relational_rails/config/initializers/mime_types.rb": {
        "lines": [
          null,
          null,
          null,
          null
        ]
      },
      "/Users/jacksonvaldez/Turing/2module/relational_rails/config/initializers/wrap_parameters.rb": {
        "lines": [
          null,
          null,
          null,
          null,
          null,
          null,
          1,
          2,
          null,
          null,
          null,
          null,
          null,
          null
        ]
      },
      "/Users/jacksonvaldez/Turing/2module/relational_rails/config/routes.rb": {
        "lines": [
          1,
          1,
          null,
          null,
          1,
          1,
          1,
          1,
          1,
          1,
          1,
          1,
          1,
          1,
          null,
          1,
          1,
          1,
          1,
          null,
          null,
          1,
          1,
          1,
          1,
          1,
          1,
          1,
          1,
          1,
          1,
          null,
          1,
          1,
          1,
          1,
          null,
          null
        ]
      },
      "/Users/jacksonvaldez/Turing/2module/relational_rails/app/helpers/application_helper.rb": {
        "lines": [
          1,
          null
        ]
      },
      "/Users/jacksonvaldez/Turing/2module/relational_rails/spec/features/artists/edit_spec.rb": {
        "lines": [
          1,
          null,
          1,
          null,
          1,
          3,
          3,
          3,
          3,
          3,
          null,
          3,
          null,
          null,
          1,
          1,
          null,
          null,
          1,
          1,
          null,
          null,
          1,
          1,
          null,
          null,
          null
        ]
      },
      "/Users/jacksonvaldez/Turing/2module/relational_rails/spec/features/artists/index_spec.rb": {
        "lines": [
          1,
          null,
          1,
          1,
          1,
          1,
          1,
          null,
          1,
          1,
          null,
          null
        ]
      },
      "/Users/jacksonvaldez/Turing/2module/relational_rails/spec/features/artists/new_spec.rb": {
        "lines": [
          1,
          null,
          1,
          null,
          1,
          3,
          3,
          3,
          null,
          3,
          null,
          null,
          1,
          1,
          null,
          null,
          1,
          1,
          null,
          null,
          1,
          1,
          1,
          null,
          null,
          null
        ]
      },
      "/Users/jacksonvaldez/Turing/2module/relational_rails/spec/features/artists/show_spec.rb": {
        "lines": [
          1,
          null,
          1,
          1,
          1,
          1,
          1,
          null,
          1,
          1,
          1,
          1,
          1,
          null,
          null
        ]
      },
      "/Users/jacksonvaldez/Turing/2module/relational_rails/spec/features/bakeries/edit_spec.rb": {
        "lines": [
          1,
          null,
          1,
          null,
          1,
          3,
          3,
          3,
          3,
          3,
          null,
          3,
          null,
          null,
          1,
          1,
          null,
          null,
          1,
          1,
          null,
          null,
          1,
          1,
          null,
          null,
          null
        ]
      },
      "/Users/jacksonvaldez/Turing/2module/relational_rails/spec/features/bakeries/index_spec.rb": {
        "lines": [
          1,
          null,
          1,
          1,
          1,
          1,
          null,
          1,
          null,
          null
        ]
      },
      "/Users/jacksonvaldez/Turing/2module/relational_rails/spec/features/bakeries/new_spec.rb": {
        "lines": [
          1,
          null,
          1,
          null,
          1,
          3,
          3,
          3,
          null,
          3,
          null,
          null,
          1,
          1,
          null,
          null,
          1,
          1,
          null,
          null,
          1,
          1,
          1,
          null,
          null,
          null
        ]
      },
      "/Users/jacksonvaldez/Turing/2module/relational_rails/spec/features/bakeries/show_spec.rb": {
        "lines": [
          1,
          null,
          1,
          1,
          1,
          1,
          1,
          null,
          1,
          1,
          1,
          1,
          1,
          null,
          null
        ]
      },
      "/Users/jacksonvaldez/Turing/2module/relational_rails/spec/features/bakers/edit_spec.rb": {
        "lines": [
          1,
          null,
          1,
          null,
          1,
          3,
          3,
          3,
          3,
          3,
          3,
          null,
          3,
          null,
          null,
          1,
          1,
          null,
          null,
          1,
          1,
          null,
          null,
          1,
          1,
          null,
          null,
          null
        ]
      },
      "/Users/jacksonvaldez/Turing/2module/relational_rails/spec/features/bakers/index_spec.rb": {
        "lines": [
          1,
          null,
          1,
          1,
          1,
          1,
          1,
          null,
          1,
          null,
          1,
          1,
          null,
          null
        ]
      },
      "/Users/jacksonvaldez/Turing/2module/relational_rails/spec/features/bakers/new_spec.rb": {
        "lines": [
          1,
          null,
          1,
          null,
          1,
          3,
          3,
          3,
          3,
          null,
          3,
          null,
          null,
          1,
          1,
          null,
          null,
          1,
          1,
          null,
          null,
          1,
          1,
          null,
          null,
          null
        ]
      },
      "/Users/jacksonvaldez/Turing/2module/relational_rails/spec/features/bakers/show_by_bakery_spec.rb": {
        "lines": [
          1,
          null,
          1,
          null,
          1,
          2,
          2,
          2,
          2,
          2,
          2,
          null,
          2,
          null,
          null,
          1,
          1,
          1,
          1,
          1,
          null,
          1,
          null,
          null,
          1,
          1,
          1,
          null,
          null,
          null
        ]
      },
      "/Users/jacksonvaldez/Turing/2module/relational_rails/spec/features/bakers/show_spec.rb": {
        "lines": [
          1,
          null,
          1,
          1,
          1,
          1,
          1,
          null,
          1,
          null,
          1,
          1,
          1,
          1,
          null,
          null
        ]
      },
      "/Users/jacksonvaldez/Turing/2module/relational_rails/spec/features/songs/edit_spec.rb": {
        "lines": [
          1,
          null,
          1,
          null,
          1,
          3,
          3,
          3,
          3,
          3,
          3,
          null,
          3,
          null,
          null,
          1,
          1,
          null,
          null,
          1,
          1,
          null,
          null,
          1,
          1,
          null,
          null,
          null
        ]
      },
      "/Users/jacksonvaldez/Turing/2module/relational_rails/spec/features/songs/index_spec.rb": {
        "lines": [
          1,
          null,
          1,
          1,
          1,
          1,
          1,
          null,
          1,
          null,
          1,
          1,
          null,
          null
        ]
      },
      "/Users/jacksonvaldez/Turing/2module/relational_rails/spec/features/songs/new_spec.rb": {
        "lines": [
          1,
          null,
          1,
          null,
          1,
          3,
          3,
          3,
          3,
          null,
          3,
          null,
          null,
          1,
          1,
          null,
          null,
          1,
          1,
          null,
          null,
          1,
          1,
          null,
          null,
          null
        ]
      },
      "/Users/jacksonvaldez/Turing/2module/relational_rails/spec/features/songs/show_by_artist_spec.rb": {
        "lines": [
          1,
          null,
          1,
          null,
          1,
          2,
          2,
          2,
          2,
          2,
          2,
          null,
          2,
          null,
          null,
          1,
          1,
          1,
          1,
          1,
          null,
          1,
          null,
          null,
          1,
          1,
          1,
          null,
          null,
          null
        ]
      },
      "/Users/jacksonvaldez/Turing/2module/relational_rails/spec/features/songs/show_spec.rb": {
        "lines": [
          1,
          null,
          1,
          1,
          1,
          1,
          1,
          null,
          1,
          null,
          1,
          1,
          1,
          1,
          null,
          null
        ]
      },
      "/Users/jacksonvaldez/Turing/2module/relational_rails/spec/features/welcome/index_spec.rb": {
        "lines": [
          1,
          null,
          1,
          1,
          null,
          1,
          null,
          1,
          null,
          null,
          1,
          null,
          1,
          null,
          1,
          null,
          null,
          1,
          null,
          1,
          null,
          1,
          null,
          null,
          1,
          null,
          1,
          null,
          1,
          null,
          null
        ]
      },
      "/Users/jacksonvaldez/Turing/2module/relational_rails/spec/models/artist_spec.rb": {
        "lines": [
          1,
          null,
          1,
          2,
          null,
          1,
          4,
          4,
          4,
          null,
          1,
          1,
          1,
          1,
          1,
          1,
          null,
          null,
          null,
          1,
          1,
          null,
          1,
          null,
          null,
          null,
          1,
          1,
          1,
          null,
          null,
          null
        ]
      },
      "/Users/jacksonvaldez/Turing/2module/relational_rails/app/models/artist.rb": {
        "lines": [
          1,
          1,
          null,
          1,
          9,
          null,
          null,
          null
        ]
      },
      "/Users/jacksonvaldez/Turing/2module/relational_rails/app/models/application_record.rb": {
        "lines": [
          1,
          1,
          null
        ]
      },
      "/Users/jacksonvaldez/Turing/2module/relational_rails/spec/models/baker_spec.rb": {
        "lines": [
          1,
          null,
          1,
          2,
          null,
          1,
          3,
          3,
          null,
          null,
          1,
          1,
          1,
          1,
          1,
          1,
          null,
          null,
          null,
          1,
          1,
          1,
          null,
          null,
          null
        ]
      },
      "/Users/jacksonvaldez/Turing/2module/relational_rails/app/models/baker.rb": {
        "lines": [
          1,
          1,
          null
        ]
      },
      "/Users/jacksonvaldez/Turing/2module/relational_rails/spec/models/bakery_spec.rb": {
        "lines": [
          1,
          null,
          1,
          2,
          null,
          1,
          4,
          4,
          4,
          null,
          1,
          1,
          1,
          1,
          1,
          1,
          null,
          null,
          null,
          1,
          1,
          null,
          1,
          null,
          null,
          null,
          1,
          1,
          1,
          null,
          null,
          null
        ]
      },
      "/Users/jacksonvaldez/Turing/2module/relational_rails/app/models/bakery.rb": {
        "lines": [
          1,
          1,
          null,
          1,
          9,
          null,
          null,
          null
        ]
      },
      "/Users/jacksonvaldez/Turing/2module/relational_rails/spec/models/song_spec.rb": {
        "lines": [
          1,
          null,
          1,
          2,
          null,
          1,
          3,
          3,
          null,
          null,
          1,
          1,
          1,
          1,
          1,
          1,
          null,
          null,
          null,
          1,
          1,
          1,
          null,
          null,
          null
        ]
      },
      "/Users/jacksonvaldez/Turing/2module/relational_rails/app/models/song.rb": {
        "lines": [
          1,
          1,
          null
        ]
      },
      "/Users/jacksonvaldez/Turing/2module/relational_rails/app/controllers/artists_controller.rb": {
        "lines": [
          1,
          null,
          1,
          6,
          null,
          null,
          1,
          8,
          null,
          null,
          1,
          null,
          null,
          null,
          1,
          null,
          3,
          3,
          null,
          null,
          null,
          null,
          3,
          null,
          null,
          1,
          null,
          3,
          3,
          3,
          null,
          null,
          null,
          null,
          3,
          3,
          null,
          null,
          1,
          3,
          null,
          null
        ]
      },
      "/Users/jacksonvaldez/Turing/2module/relational_rails/app/controllers/application_controller.rb": {
        "lines": [
          1,
          null
        ]
      },
      "/Users/jacksonvaldez/Turing/2module/relational_rails/app/controllers/songs_controller.rb": {
        "lines": [
          1,
          null,
          1,
          3,
          3,
          null,
          null,
          1,
          null,
          7,
          null,
          null,
          1,
          6,
          6,
          null,
          null,
          1,
          3,
          null,
          null,
          1,
          3,
          3,
          null,
          null,
          null,
          null,
          null,
          3,
          null,
          null,
          1,
          3,
          3,
          null,
          null,
          1,
          null,
          3,
          3,
          3,
          null,
          null,
          null,
          null,
          3,
          3,
          null,
          null,
          1,
          1,
          3,
          1,
          null,
          null,
          null
        ]
      },
      "/Users/jacksonvaldez/Turing/2module/relational_rails/app/controllers/bakeries_controller.rb": {
        "lines": [
          1,
          null,
          1,
          6,
          null,
          null,
          1,
          null,
          8,
          null,
          null,
          1,
          null,
          null,
          1,
          3,
          3,
          null,
          null,
          null,
          null,
          3,
          null,
          null,
          1,
          null,
          3,
          3,
          3,
          null,
          null,
          null,
          null,
          3,
          3,
          null,
          null,
          1,
          3,
          null,
          null,
          null
        ]
      },
      "/Users/jacksonvaldez/Turing/2module/relational_rails/app/controllers/bakers_controller.rb": {
        "lines": [
          1,
          null,
          1,
          3,
          3,
          null,
          null,
          1,
          null,
          7,
          null,
          null,
          1,
          6,
          6,
          null,
          null,
          1,
          3,
          null,
          null,
          1,
          3,
          3,
          null,
          null,
          null,
          null,
          null,
          3,
          null,
          null,
          1,
          3,
          3,
          null,
          null,
          1,
          null,
          3,
          3,
          3,
          null,
          null,
          null,
          null,
          3,
          3,
          null,
          null,
          1,
          1,
          3,
          1,
          null,
          null,
          null
        ]
      }
    },
    "timestamp": 1638557820
  }
}
